Build started 5/23/2014 6:56:43 PM.
     1>Project "C:\Users\reobaird\Dropbox\MIT\RoboOps\Software\PilotGui\PilotGui.vcxproj" on node 2 (Rebuild target(s)).
     1>C:\Program Files (x86)\MSBuild\Microsoft.Cpp\v4.0\V120\Microsoft.CppBuild.targets(381,5): warning MSB8028: The intermediate directory (Debug\) contains files shared from another project (PilorGui.vcxproj).  This can lead to incorrect clean and rebuild behavior.
     1>ClCompile:
         C:\Program Files (x86)\Microsoft Visual Studio 12.0\VC\bin\CL.exe /c /ZI /nologo /W3 /WX- /sdl /Od /Oy- /D _MBCS /Gm /EHsc /RTC1 /MD /GS /fp:precise /Zc:wchar_t /Zc:forScope /Fo"Debug\\" /Fd"Debug\vc120.pdb" /Gd /TP /analyze- /errorReport:prompt globals.cpp InputHandler.cpp logger.cpp PilotGui.cpp SDLHelper.cpp UDPCli.cpp
         UDPCli.cpp
         SDLHelper.cpp
         PilotGui.cpp
         logger.cpp
         InputHandler.cpp
     1>c:\users\reobaird\dropbox\mit\roboops\software\pilotgui\inputhandler.cpp(62): warning C4244: '=' : conversion from 'double' to 'int', possible loss of data
         globals.cpp
         Generating Code...
       Link:
         C:\Program Files (x86)\Microsoft Visual Studio 12.0\VC\bin\link.exe /ERRORREPORT:PROMPT /OUT:"C:\Users\reobaird\Dropbox\MIT\RoboOps\Software\PilotGui\Debug\PilotGui.exe" /INCREMENTAL /NOLOGO /LIBPATH:C:\Users\reobaird\Dropbox\MIT\RoboOps\Software\PilotGui\lib kernel32.lib user32.lib gdi32.lib winspool.lib comdlg32.lib advapi32.lib shell32.lib ole32.lib oleaut32.lib uuid.lib odbc32.lib odbccp32.lib ws2_32.lib kernel32.lib user32.lib gdi32.lib winspool.lib comdlg32.lib advapi32.lib shell32.lib ole32.lib oleaut32.lib uuid.lib odbc32.lib odbccp32.lib /MANIFEST /MANIFESTUAC:"level='asInvoker' uiAccess='false'" /manifest:embed /DEBUG /PDB:"C:\Users\reobaird\Dropbox\MIT\RoboOps\Software\PilotGui\Debug\PilotGui.pdb" /SUBSYSTEM:CONSOLE /TLBID:1 /DYNAMICBASE /NXCOMPAT /IMPLIB:"C:\Users\reobaird\Dropbox\MIT\RoboOps\Software\PilotGui\Debug\PilotGui.lib" /MACHINE:X86 Debug\globals.obj
         Debug\InputHandler.obj
         Debug\logger.obj
         Debug\PilotGui.obj
         Debug\SDLHelper.obj
         Debug\UDPCli.obj
         lib\SDL\SDL2.lib
         lib\SDL\SDL2main.lib
         lib\SDL\SDL2_image.lib
         lib\SDL\SDL2_ttf.lib
     1>SDLHelper.obj : error LNK2005: "struct _TTF_Font * SDLHelper::font" (?font@SDLHelper@@3PAU_TTF_Font@@A) already defined in PilotGui.obj
     1>SDLHelper.obj : error LNK2005: "struct SDL_Color SDLHelper::cWhite" (?cWhite@SDLHelper@@3USDL_Color@@A) already defined in PilotGui.obj
     1>SDLHelper.obj : error LNK2005: "struct SDL_Color SDLHelper::cBlack" (?cBlack@SDLHelper@@3USDL_Color@@A) already defined in PilotGui.obj
     1>PilotGui.obj : error LNK2019: unresolved external symbol "struct SDL_Surface * __cdecl SDLHelper::renderText(class std::basic_string<char,struct std::char_traits<char>,class std::allocator<char> > const &,struct SDL_Color,int)" (?renderText@SDLHelper@@YAPAUSDL_Surface@@ABV?$basic_string@DU?$char_traits@D@std@@V?$allocator@D@2@@std@@USDL_Color@@H@Z) referenced in function _SDL_main
     1>C:\Users\reobaird\Dropbox\MIT\RoboOps\Software\PilotGui\Debug\PilotGui.exe : fatal error LNK1120: 1 unresolved externals
     1>Done Building Project "C:\Users\reobaird\Dropbox\MIT\RoboOps\Software\PilotGui\PilotGui.vcxproj" (Rebuild target(s)) -- FAILED.

Build FAILED.

Time Elapsed 00:00:03.38
